2024-11-26T04:01:31.371992Z 0 [Warning] [MY-010097] [Server] Insecure configuration for --secure-file-priv: Current value does not restrict location of generated files. Consider setting it to a valid, non-empty path.
2024-11-26T04:01:31.372256Z 0 [Warning] [MY-010918] [Server] 'default_authentication_plugin' is deprecated and will be removed in a future release. Please use authentication_policy instead.
2024-11-26T04:01:31.372410Z 0 [System] [MY-010116] [Server] D:\laragon\bin\mysql\mysql-8.0.30-winx64\bin\mysqld (mysqld 8.0.30) starting as process 6740
2024-11-26T04:01:31.729252Z 1 [System] [MY-013576] [InnoDB] InnoDB initialization has started.
2024-11-26T04:01:42.622980Z 1 [System] [MY-013577] [InnoDB] InnoDB initialization has ended.
2024-11-26T04:01:48.358935Z 0 [Warning] [MY-013829] [Server] Missing data directory for ICU regular expressions: D:\laragon\bin\mysql\mysql-8.0.30-winx64\lib\private\.
2024-11-26T04:01:48.802567Z 0 [Warning] [MY-010068] [Server] CA certificate ca.pem is self signed.
2024-11-26T04:01:48.811136Z 0 [System] [MY-013602] [Server] Channel mysql_main configured to support TLS. Encrypted connections are now supported for this channel.
2024-11-26T04:01:54.300205Z 0 [System] [MY-011323] [Server] X Plugin ready for connections. Bind-address: '::' port: 33060
2024-11-26T04:01:54.300343Z 0 [System] [MY-010931] [Server] D:\laragon\bin\mysql\mysql-8.0.30-winx64\bin\mysqld: ready for connections. Version: '8.0.30'  socket: ''  port: 3306  MySQL Community Server - GPL.
2024-11-26T04:10:33.473614Z 22 [System] [MY-013172] [Server] Received SHUTDOWN from user root. Shutting down mysqld (Version: 8.0.30).
2024-11-26T04:10:33.529288Z 0 [System] [MY-013105] [Server] D:\laragon\bin\mysql\mysql-8.0.30-winx64\bin\mysqld: Normal shutdown.
2024-11-26T04:10:36.422859Z 0 [System] [MY-010910] [Server] D:\laragon\bin\mysql\mysql-8.0.30-winx64\bin\mysqld: Shutdown complete (mysqld 8.0.30)  MySQL Community Server - GPL.
2024-11-26T08:46:53.705817Z 0 [Warning] [MY-010097] [Server] Insecure configuration for --secure-file-priv: Current value does not restrict location of generated files. Consider setting it to a valid, non-empty path.
2024-11-26T08:46:53.765862Z 0 [Warning] [MY-010918] [Server] 'default_authentication_plugin' is deprecated and will be removed in a future release. Please use authentication_policy instead.
2024-11-26T08:46:53.766089Z 0 [System] [MY-010116] [Server] D:\laragon\bin\mysql\mysql-8.0.30-winx64\bin\mysqld (mysqld 8.0.30) starting as process 14592
2024-11-26T08:46:55.947569Z 1 [System] [MY-013576] [InnoDB] InnoDB initialization has started.
2024-11-26T08:47:07.571354Z 1 [System] [MY-013577] [InnoDB] InnoDB initialization has ended.
2024-11-26T08:47:11.323846Z 0 [Warning] [MY-013829] [Server] Missing data directory for ICU regular expressions: D:\laragon\bin\mysql\mysql-8.0.30-winx64\lib\private\.
2024-11-26T08:47:11.693800Z 0 [Warning] [MY-010068] [Server] CA certificate ca.pem is self signed.
2024-11-26T08:47:11.696821Z 0 [System] [MY-013602] [Server] Channel mysql_main configured to support TLS. Encrypted connections are now supported for this channel.
2024-11-26T08:47:11.999427Z 0 [System] [MY-011323] [Server] X Plugin ready for connections. Bind-address: '::' port: 33060
2024-11-26T08:47:11.999979Z 0 [System] [MY-010931] [Server] D:\laragon\bin\mysql\mysql-8.0.30-winx64\bin\mysqld: ready for connections. Version: '8.0.30'  socket: ''  port: 3306  MySQL Community Server - GPL.
2024-11-26T08:51:03.528039Z 8 [System] [MY-013172] [Server] Received SHUTDOWN from user root. Shutting down mysqld (Version: 8.0.30).
2024-11-26T08:51:03.616655Z 0 [System] [MY-013105] [Server] D:\laragon\bin\mysql\mysql-8.0.30-winx64\bin\mysqld: Normal shutdown.
2024-11-26T08:51:09.924502Z 0 [System] [MY-010910] [Server] D:\laragon\bin\mysql\mysql-8.0.30-winx64\bin\mysqld: Shutdown complete (mysqld 8.0.30)  MySQL Community Server - GPL.
2024-11-26T08:57:10.440265Z 0 [Warning] [MY-010097] [Server] Insecure configuration for --secure-file-priv: Current value does not restrict location of generated files. Consider setting it to a valid, non-empty path.
2024-11-26T08:57:10.440515Z 0 [Warning] [MY-010918] [Server] 'default_authentication_plugin' is deprecated and will be removed in a future release. Please use authentication_policy instead.
2024-11-26T08:57:10.440662Z 0 [System] [MY-010116] [Server] D:\laragon\bin\mysql\mysql-8.0.30-winx64\bin\mysqld (mysqld 8.0.30) starting as process 11604
2024-11-26T08:57:12.155817Z 1 [System] [MY-013576] [InnoDB] InnoDB initialization has started.
2024-11-26T08:57:29.868996Z 1 [System] [MY-013577] [InnoDB] InnoDB initialization has ended.
2024-11-26T08:57:44.513414Z 0 [Warning] [MY-013829] [Server] Missing data directory for ICU regular expressions: D:\laragon\bin\mysql\mysql-8.0.30-winx64\lib\private\.
2024-11-26T08:57:45.651679Z 0 [Warning] [MY-010068] [Server] CA certificate ca.pem is self signed.
2024-11-26T08:57:45.654915Z 0 [System] [MY-013602] [Server] Channel mysql_main configured to support TLS. Encrypted connections are now supported for this channel.
2024-11-26T08:57:49.856926Z 0 [System] [MY-011323] [Server] X Plugin ready for connections. Bind-address: '::' port: 33060
2024-11-26T08:57:49.857797Z 0 [System] [MY-010931] [Server] D:\laragon\bin\mysql\mysql-8.0.30-winx64\bin\mysqld: ready for connections. Version: '8.0.30'  socket: ''  port: 3306  MySQL Community Server - GPL.
2024-11-26T09:10:12.335258Z 53 [System] [MY-013172] [Server] Received SHUTDOWN from user root. Shutting down mysqld (Version: 8.0.30).
2024-11-26T09:10:12.348509Z 0 [System] [MY-013105] [Server] D:\laragon\bin\mysql\mysql-8.0.30-winx64\bin\mysqld: Normal shutdown.
2024-11-26T09:10:14.423678Z 0 [System] [MY-010910] [Server] D:\laragon\bin\mysql\mysql-8.0.30-winx64\bin\mysqld: Shutdown complete (mysqld 8.0.30)  MySQL Community Server - GPL.
2024-12-09T04:19:38.592529Z 0 [Warning] [MY-010097] [Server] Insecure configuration for --secure-file-priv: Current value does not restrict location of generated files. Consider setting it to a valid, non-empty path.
2024-12-09T04:19:38.693731Z 0 [Warning] [MY-010918] [Server] 'default_authentication_plugin' is deprecated and will be removed in a future release. Please use authentication_policy instead.
2024-12-09T04:19:38.693994Z 0 [System] [MY-010116] [Server] D:\laragon\bin\mysql\mysql-8.0.30-winx64\bin\mysqld (mysqld 8.0.30) starting as process 8836
2024-12-09T04:19:41.505025Z 1 [System] [MY-013576] [InnoDB] InnoDB initialization has started.
2024-12-09T04:19:53.728401Z 1 [System] [MY-013577] [InnoDB] InnoDB initialization has ended.
2024-12-09T04:20:10.199640Z 0 [Warning] [MY-013829] [Server] Missing data directory for ICU regular expressions: D:\laragon\bin\mysql\mysql-8.0.30-winx64\lib\private\.
2024-12-09T04:20:13.946620Z 0 [Warning] [MY-010068] [Server] CA certificate ca.pem is self signed.
2024-12-09T04:20:13.949437Z 0 [System] [MY-013602] [Server] Channel mysql_main configured to support TLS. Encrypted connections are now supported for this channel.
2024-12-09T04:20:17.152665Z 0 [System] [MY-010931] [Server] D:\laragon\bin\mysql\mysql-8.0.30-winx64\bin\mysqld: ready for connections. Version: '8.0.30'  socket: ''  port: 3306  MySQL Community Server - GPL.
2024-12-09T04:20:17.188496Z 0 [System] [MY-011323] [Server] X Plugin ready for connections. Bind-address: '::' port: 33060
2024-12-09T07:24:53.092573Z 8 [System] [MY-013172] [Server] Received SHUTDOWN from user root. Shutting down mysqld (Version: 8.0.30).
2024-12-09T07:24:53.191994Z 0 [System] [MY-013105] [Server] D:\laragon\bin\mysql\mysql-8.0.30-winx64\bin\mysqld: Normal shutdown.
2024-12-09T07:24:56.673095Z 0 [System] [MY-010910] [Server] D:\laragon\bin\mysql\mysql-8.0.30-winx64\bin\mysqld: Shutdown complete (mysqld 8.0.30)  MySQL Community Server - GPL.
2024-12-10T01:10:01.182210Z 0 [Warning] [MY-010097] [Server] Insecure configuration for --secure-file-priv: Current value does not restrict location of generated files. Consider setting it to a valid, non-empty path.
2024-12-10T01:10:01.227958Z 0 [Warning] [MY-010918] [Server] 'default_authentication_plugin' is deprecated and will be removed in a future release. Please use authentication_policy instead.
2024-12-10T01:10:01.228765Z 0 [System] [MY-010116] [Server] D:\laragon\bin\mysql\mysql-8.0.30-winx64\bin\mysqld (mysqld 8.0.30) starting as process 6060
2024-12-10T01:10:03.527882Z 1 [System] [MY-013576] [InnoDB] InnoDB initialization has started.
2024-12-10T01:10:16.607077Z 1 [System] [MY-013577] [InnoDB] InnoDB initialization has ended.
2024-12-10T01:10:23.306358Z 0 [Warning] [MY-013829] [Server] Missing data directory for ICU regular expressions: D:\laragon\bin\mysql\mysql-8.0.30-winx64\lib\private\.
2024-12-10T01:10:24.130800Z 0 [Warning] [MY-010068] [Server] CA certificate ca.pem is self signed.
2024-12-10T01:10:24.138320Z 0 [System] [MY-013602] [Server] Channel mysql_main configured to support TLS. Encrypted connections are now supported for this channel.
2024-12-10T01:10:24.830929Z 0 [System] [MY-011323] [Server] X Plugin ready for connections. Bind-address: '::' port: 33060
2024-12-10T01:10:24.831738Z 0 [System] [MY-010931] [Server] D:\laragon\bin\mysql\mysql-8.0.30-winx64\bin\mysqld: ready for connections. Version: '8.0.30'  socket: ''  port: 3306  MySQL Community Server - GPL.
2024-12-10T04:55:56.985833Z 165 [System] [MY-013172] [Server] Received SHUTDOWN from user root. Shutting down mysqld (Version: 8.0.30).
2024-12-10T04:55:57.192692Z 0 [System] [MY-013105] [Server] D:\laragon\bin\mysql\mysql-8.0.30-winx64\bin\mysqld: Normal shutdown.
2024-12-10T04:56:01.977268Z 0 [System] [MY-010910] [Server] D:\laragon\bin\mysql\mysql-8.0.30-winx64\bin\mysqld: Shutdown complete (mysqld 8.0.30)  MySQL Community Server - GPL.
2024-12-11T14:55:04.532700Z 0 [Warning] [MY-010097] [Server] Insecure configuration for --secure-file-priv: Current value does not restrict location of generated files. Consider setting it to a valid, non-empty path.
2024-12-11T14:55:04.733965Z 0 [Warning] [MY-010918] [Server] 'default_authentication_plugin' is deprecated and will be removed in a future release. Please use authentication_policy instead.
2024-12-11T14:55:04.734237Z 0 [System] [MY-010116] [Server] D:\laragon\bin\mysql\mysql-8.0.30-winx64\bin\mysqld (mysqld 8.0.30) starting as process 12720
2024-12-11T14:55:07.134156Z 1 [System] [MY-013576] [InnoDB] InnoDB initialization has started.
2024-12-11T14:55:24.570162Z 1 [System] [MY-013577] [InnoDB] InnoDB initialization has ended.
2024-12-11T14:55:30.238211Z 0 [Warning] [MY-013829] [Server] Missing data directory for ICU regular expressions: D:\laragon\bin\mysql\mysql-8.0.30-winx64\lib\private\.
2024-12-11T14:55:31.040174Z 0 [Warning] [MY-010068] [Server] CA certificate ca.pem is self signed.
2024-12-11T14:55:31.052706Z 0 [System] [MY-013602] [Server] Channel mysql_main configured to support TLS. Encrypted connections are now supported for this channel.
2024-12-11T14:55:37.645165Z 0 [System] [MY-011323] [Server] X Plugin ready for connections. Bind-address: '::' port: 33060
2024-12-11T14:55:37.645678Z 0 [System] [MY-010931] [Server] D:\laragon\bin\mysql\mysql-8.0.30-winx64\bin\mysqld: ready for connections. Version: '8.0.30'  socket: ''  port: 3306  MySQL Community Server - GPL.
2024-12-11T15:20:53.356619Z 9 [System] [MY-013172] [Server] Received SHUTDOWN from user root. Shutting down mysqld (Version: 8.0.30).
2024-12-11T15:20:53.417630Z 0 [System] [MY-013105] [Server] D:\laragon\bin\mysql\mysql-8.0.30-winx64\bin\mysqld: Normal shutdown.
2024-12-11T15:20:57.365108Z 0 [System] [MY-010910] [Server] D:\laragon\bin\mysql\mysql-8.0.30-winx64\bin\mysqld: Shutdown complete (mysqld 8.0.30)  MySQL Community Server - GPL.
2024-12-11T15:21:17.263317Z 0 [Warning] [MY-010097] [Server] Insecure configuration for --secure-file-priv: Current value does not restrict location of generated files. Consider setting it to a valid, non-empty path.
2024-12-11T15:21:17.263587Z 0 [Warning] [MY-010918] [Server] 'default_authentication_plugin' is deprecated and will be removed in a future release. Please use authentication_policy instead.
2024-12-11T15:21:17.263765Z 0 [System] [MY-010116] [Server] D:\laragon\bin\mysql\mysql-8.0.30-winx64\bin\mysqld (mysqld 8.0.30) starting as process 1308
2024-12-11T15:21:23.112538Z 1 [System] [MY-013576] [InnoDB] InnoDB initialization has started.
2024-12-11T15:21:53.682635Z 1 [System] [MY-013577] [InnoDB] InnoDB initialization has ended.
2024-12-11T15:22:11.572885Z 0 [Warning] [MY-013829] [Server] Missing data directory for ICU regular expressions: D:\laragon\bin\mysql\mysql-8.0.30-winx64\lib\private\.
2024-12-11T15:22:13.200121Z 0 [Warning] [MY-010068] [Server] CA certificate ca.pem is self signed.
2024-12-11T15:22:13.210880Z 0 [System] [MY-013602] [Server] Channel mysql_main configured to support TLS. Encrypted connections are now supported for this channel.
2024-12-11T15:22:31.423226Z 0 [System] [MY-011323] [Server] X Plugin ready for connections. Bind-address: '::' port: 33060
2024-12-11T15:22:31.423883Z 0 [System] [MY-010931] [Server] D:\laragon\bin\mysql\mysql-8.0.30-winx64\bin\mysqld: ready for connections. Version: '8.0.30'  socket: ''  port: 3306  MySQL Community Server - GPL.
2024-12-11T15:22:31.544584Z 8 [System] [MY-013172] [Server] Received SHUTDOWN from user root. Shutting down mysqld (Version: 8.0.30).
2024-12-11T15:22:31.557160Z 0 [System] [MY-013105] [Server] D:\laragon\bin\mysql\mysql-8.0.30-winx64\bin\mysqld: Normal shutdown.
2024-12-11T15:22:36.218449Z 0 [System] [MY-010910] [Server] D:\laragon\bin\mysql\mysql-8.0.30-winx64\bin\mysqld: Shutdown complete (mysqld 8.0.30)  MySQL Community Server - GPL.
2024-12-11T15:22:47.950084Z 0 [Warning] [MY-010097] [Server] Insecure configuration for --secure-file-priv: Current value does not restrict location of generated files. Consider setting it to a valid, non-empty path.
2024-12-11T15:22:47.950347Z 0 [Warning] [MY-010918] [Server] 'default_authentication_plugin' is deprecated and will be removed in a future release. Please use authentication_policy instead.
2024-12-11T15:22:47.950521Z 0 [System] [MY-010116] [Server] D:\laragon\bin\mysql\mysql-8.0.30-winx64\bin\mysqld (mysqld 8.0.30) starting as process 4004
2024-12-11T15:22:48.233329Z 1 [System] [MY-013576] [InnoDB] InnoDB initialization has started.
2024-12-11T15:23:00.100038Z 1 [System] [MY-013577] [InnoDB] InnoDB initialization has ended.
2024-12-11T15:23:05.013265Z 0 [Warning] [MY-013829] [Server] Missing data directory for ICU regular expressions: D:\laragon\bin\mysql\mysql-8.0.30-winx64\lib\private\.
2024-12-11T15:23:05.154694Z 0 [Warning] [MY-010068] [Server] CA certificate ca.pem is self signed.
2024-12-11T15:23:05.166041Z 0 [System] [MY-013602] [Server] Channel mysql_main configured to support TLS. Encrypted connections are now supported for this channel.
2024-12-11T15:23:05.785393Z 0 [System] [MY-011323] [Server] X Plugin ready for connections. Bind-address: '::' port: 33060
2024-12-11T15:23:05.789888Z 0 [System] [MY-010931] [Server] D:\laragon\bin\mysql\mysql-8.0.30-winx64\bin\mysqld: ready for connections. Version: '8.0.30'  socket: ''  port: 3306  MySQL Community Server - GPL.
2024-12-11T16:26:36.129567Z 17 [System] [MY-013172] [Server] Received SHUTDOWN from user root. Shutting down mysqld (Version: 8.0.30).
2024-12-11T16:26:36.267529Z 0 [System] [MY-013105] [Server] D:\laragon\bin\mysql\mysql-8.0.30-winx64\bin\mysqld: Normal shutdown.
2024-12-11T16:26:38.769003Z 0 [Warning] [MY-010909] [Server] D:\laragon\bin\mysql\mysql-8.0.30-winx64\bin\mysqld: Forcing close of thread 16  user: 'root'.
2024-12-11T16:26:49.711952Z 0 [System] [MY-010910] [Server] D:\laragon\bin\mysql\mysql-8.0.30-winx64\bin\mysqld: Shutdown complete (mysqld 8.0.30)  MySQL Community Server - GPL.
